{"/Users/arfan/Library/Mobile Documents/com~apple~CloudDocs/Documents/Labs/Random/calculator/src/calculator.js": {"path":"/Users/arfan/Library/Mobile Documents/com~apple~CloudDocs/Documents/Labs/Random/calculator/src/calculator.js","statementMap":{"0":{"start":{"line":1,"column":15},"end":{"line":3,"column":1}},"1":{"start":{"line":2,"column":2},"end":{"line":2,"column":15}},"2":{"start":{"line":4,"column":14},"end":{"line":6,"column":1}},"3":{"start":{"line":5,"column":2},"end":{"line":5,"column":15}},"4":{"start":{"line":7,"column":17},"end":{"line":9,"column":1}},"5":{"start":{"line":8,"column":2},"end":{"line":8,"column":15}},"6":{"start":{"line":10,"column":12},"end":{"line":12,"column":1}},"7":{"start":{"line":11,"column":2},"end":{"line":11,"column":15}},"8":{"start":{"line":13,"column":16},"end":{"line":15,"column":1}},"9":{"start":{"line":14,"column":2},"end":{"line":14,"column":17}},"10":{"start":{"line":16,"column":12},"end":{"line":18,"column":1}},"11":{"start":{"line":17,"column":2},"end":{"line":17,"column":23}},"12":{"start":{"line":19,"column":19},"end":{"line":28,"column":1}},"13":{"start":{"line":20,"column":14},"end":{"line":20,"column":26}},"14":{"start":{"line":21,"column":15},"end":{"line":21,"column":16}},"15":{"start":{"line":23,"column":2},"end":{"line":25,"column":3}},"16":{"start":{"line":23,"column":19},"end":{"line":23,"column":20}},"17":{"start":{"line":24,"column":4},"end":{"line":24,"column":24}},"18":{"start":{"line":27,"column":2},"end":{"line":27,"column":16}},"19":{"start":{"line":29,"column":18},"end":{"line":37,"column":1}},"20":{"start":{"line":30,"column":2},"end":{"line":36,"column":3}},"21":{"start":{"line":31,"column":4},"end":{"line":31,"column":15}},"22":{"start":{"line":32,"column":7},"end":{"line":36,"column":3}},"23":{"start":{"line":33,"column":4},"end":{"line":33,"column":13}},"24":{"start":{"line":35,"column":4},"end":{"line":35,"column":32}},"25":{"start":{"line":38,"column":12},"end":{"line":57,"column":1}},"26":{"start":{"line":39,"column":2},"end":{"line":54,"column":5}},"27":{"start":{"line":40,"column":4},"end":{"line":53,"column":5}},"28":{"start":{"line":42,"column":21},"end":{"line":42,"column":24}},"29":{"start":{"line":44,"column":6},"end":{"line":51,"column":7}},"30":{"start":{"line":45,"column":8},"end":{"line":45,"column":50}},"31":{"start":{"line":47,"column":8},"end":{"line":47,"column":57}},"32":{"start":{"line":49,"column":8},"end":{"line":49,"column":50}},"33":{"start":{"line":50,"column":8},"end":{"line":50,"column":53}},"34":{"start":{"line":52,"column":6},"end":{"line":52,"column":15}},"35":{"start":{"line":56,"column":2},"end":{"line":56,"column":60}},"36":{"start":{"line":58,"column":13},"end":{"line":108,"column":1}},"37":{"start":{"line":59,"column":2},"end":{"line":61,"column":3}},"38":{"start":{"line":60,"column":4},"end":{"line":60,"column":29}},"39":{"start":{"line":63,"column":19},"end":{"line":63,"column":24}},"40":{"start":{"line":64,"column":15},"end":{"line":64,"column":17}},"41":{"start":{"line":65,"column":15},"end":{"line":65,"column":20}},"42":{"start":{"line":67,"column":2},"end":{"line":102,"column":5}},"43":{"start":{"line":68,"column":4},"end":{"line":101,"column":5}},"44":{"start":{"line":69,"column":6},"end":{"line":100,"column":7}},"45":{"start":{"line":71,"column":10},"end":{"line":71,"column":34}},"46":{"start":{"line":72,"column":10},"end":{"line":72,"column":24}},"47":{"start":{"line":73,"column":10},"end":{"line":73,"column":16}},"48":{"start":{"line":75,"column":10},"end":{"line":75,"column":36}},"49":{"start":{"line":76,"column":10},"end":{"line":76,"column":24}},"50":{"start":{"line":77,"column":10},"end":{"line":77,"column":16}},"51":{"start":{"line":79,"column":10},"end":{"line":79,"column":39}},"52":{"start":{"line":80,"column":10},"end":{"line":80,"column":24}},"53":{"start":{"line":81,"column":10},"end":{"line":81,"column":16}},"54":{"start":{"line":83,"column":10},"end":{"line":83,"column":37}},"55":{"start":{"line":84,"column":10},"end":{"line":84,"column":24}},"56":{"start":{"line":85,"column":10},"end":{"line":85,"column":16}},"57":{"start":{"line":87,"column":10},"end":{"line":87,"column":34}},"58":{"start":{"line":88,"column":10},"end":{"line":88,"column":24}},"59":{"start":{"line":89,"column":10},"end":{"line":89,"column":16}},"60":{"start":{"line":91,"column":10},"end":{"line":91,"column":40}},"61":{"start":{"line":92,"column":10},"end":{"line":92,"column":16}},"62":{"start":{"line":94,"column":10},"end":{"line":94,"column":38}},"63":{"start":{"line":95,"column":10},"end":{"line":95,"column":16}},"64":{"start":{"line":97,"column":10},"end":{"line":97,"column":43}},"65":{"start":{"line":98,"column":10},"end":{"line":98,"column":36}},"66":{"start":{"line":99,"column":10},"end":{"line":99,"column":16}},"67":{"start":{"line":104,"column":2},"end":{"line":106,"column":3}},"68":{"start":{"line":105,"column":4},"end":{"line":105,"column":31}},"69":{"start":{"line":107,"column":2},"end":{"line":107,"column":25}},"70":{"start":{"line":110,"column":0},"end":{"line":121,"column":2}}},"fnMap":{"0":{"name":"(anonymous_0)","decl":{"start":{"line":1,"column":15},"end":{"line":1,"column":16}},"loc":{"start":{"line":1,"column":24},"end":{"line":3,"column":1}},"line":1},"1":{"name":"(anonymous_1)","decl":{"start":{"line":4,"column":14},"end":{"line":4,"column":15}},"loc":{"start":{"line":4,"column":23},"end":{"line":6,"column":1}},"line":4},"2":{"name":"(anonymous_2)","decl":{"start":{"line":7,"column":17},"end":{"line":7,"column":18}},"loc":{"start":{"line":7,"column":27},"end":{"line":9,"column":1}},"line":7},"3":{"name":"(anonymous_3)","decl":{"start":{"line":10,"column":12},"end":{"line":10,"column":13}},"loc":{"start":{"line":10,"column":22},"end":{"line":12,"column":1}},"line":10},"4":{"name":"(anonymous_4)","decl":{"start":{"line":13,"column":16},"end":{"line":13,"column":17}},"loc":{"start":{"line":13,"column":23},"end":{"line":15,"column":1}},"line":13},"5":{"name":"(anonymous_5)","decl":{"start":{"line":16,"column":12},"end":{"line":16,"column":13}},"loc":{"start":{"line":16,"column":21},"end":{"line":18,"column":1}},"line":16},"6":{"name":"(anonymous_6)","decl":{"start":{"line":19,"column":19},"end":{"line":19,"column":20}},"loc":{"start":{"line":19,"column":28},"end":{"line":28,"column":1}},"line":19},"7":{"name":"(anonymous_7)","decl":{"start":{"line":29,"column":18},"end":{"line":29,"column":19}},"loc":{"start":{"line":29,"column":25},"end":{"line":37,"column":1}},"line":29},"8":{"name":"(anonymous_8)","decl":{"start":{"line":38,"column":12},"end":{"line":38,"column":13}},"loc":{"start":{"line":38,"column":21},"end":{"line":57,"column":1}},"line":38},"9":{"name":"(anonymous_9)","decl":{"start":{"line":39,"column":14},"end":{"line":39,"column":15}},"loc":{"start":{"line":39,"column":36},"end":{"line":54,"column":3}},"line":39},"10":{"name":"(anonymous_10)","decl":{"start":{"line":58,"column":13},"end":{"line":58,"column":14}},"loc":{"start":{"line":58,"column":24},"end":{"line":108,"column":1}},"line":58},"11":{"name":"(anonymous_11)","decl":{"start":{"line":67,"column":16},"end":{"line":67,"column":17}},"loc":{"start":{"line":67,"column":32},"end":{"line":102,"column":3}},"line":67}},"branchMap":{"0":{"loc":{"start":{"line":30,"column":2},"end":{"line":36,"column":3}},"type":"if","locations":[{"start":{"line":30,"column":2},"end":{"line":36,"column":3}},{"start":{"line":30,"column":2},"end":{"line":36,"column":3}}],"line":30},"1":{"loc":{"start":{"line":32,"column":7},"end":{"line":36,"column":3}},"type":"if","locations":[{"start":{"line":32,"column":7},"end":{"line":36,"column":3}},{"start":{"line":32,"column":7},"end":{"line":36,"column":3}}],"line":32},"2":{"loc":{"start":{"line":40,"column":4},"end":{"line":53,"column":5}},"type":"if","locations":[{"start":{"line":40,"column":4},"end":{"line":53,"column":5}},{"start":{"line":40,"column":4},"end":{"line":53,"column":5}}],"line":40},"3":{"loc":{"start":{"line":44,"column":6},"end":{"line":51,"column":7}},"type":"if","locations":[{"start":{"line":44,"column":6},"end":{"line":51,"column":7}},{"start":{"line":44,"column":6},"end":{"line":51,"column":7}}],"line":44},"4":{"loc":{"start":{"line":56,"column":9},"end":{"line":56,"column":59}},"type":"cond-expr","locations":[{"start":{"line":56,"column":28},"end":{"line":56,"column":34}},{"start":{"line":56,"column":37},"end":{"line":56,"column":59}}],"line":56},"5":{"loc":{"start":{"line":59,"column":2},"end":{"line":61,"column":3}},"type":"if","locations":[{"start":{"line":59,"column":2},"end":{"line":61,"column":3}},{"start":{"line":59,"column":2},"end":{"line":61,"column":3}}],"line":59},"6":{"loc":{"start":{"line":68,"column":4},"end":{"line":101,"column":5}},"type":"if","locations":[{"start":{"line":68,"column":4},"end":{"line":101,"column":5}},{"start":{"line":68,"column":4},"end":{"line":101,"column":5}}],"line":68},"7":{"loc":{"start":{"line":69,"column":6},"end":{"line":100,"column":7}},"type":"switch","locations":[{"start":{"line":70,"column":8},"end":{"line":73,"column":16}},{"start":{"line":74,"column":8},"end":{"line":77,"column":16}},{"start":{"line":78,"column":8},"end":{"line":81,"column":16}},{"start":{"line":82,"column":8},"end":{"line":85,"column":16}},{"start":{"line":86,"column":8},"end":{"line":89,"column":16}},{"start":{"line":90,"column":8},"end":{"line":92,"column":16}},{"start":{"line":93,"column":8},"end":{"line":95,"column":16}},{"start":{"line":96,"column":8},"end":{"line":99,"column":16}}],"line":69},"8":{"loc":{"start":{"line":104,"column":2},"end":{"line":106,"column":3}},"type":"if","locations":[{"start":{"line":104,"column":2},"end":{"line":106,"column":3}},{"start":{"line":104,"column":2},"end":{"line":106,"column":3}}],"line":104},"9":{"loc":{"start":{"line":104,"column":6},"end":{"line":104,"column":83}},"type":"binary-expr","locations":[{"start":{"line":104,"column":6},"end":{"line":104,"column":21}},{"start":{"line":104,"column":25},"end":{"line":104,"column":42}},{"start":{"line":104,"column":46},"end":{"line":104,"column":62}},{"start":{"line":104,"column":66},"end":{"line":104,"column":83}}],"line":104}},"s":{"0":1,"1":3,"2":1,"3":10,"4":1,"5":9,"6":1,"7":24,"8":1,"9":2,"10":1,"11":9,"12":1,"13":4,"14":4,"15":4,"16":4,"17":13,"18":4,"19":1,"20":31,"21":1,"22":30,"23":7,"24":23,"25":1,"26":67,"27":199,"28":53,"29":53,"30":46,"31":46,"32":7,"33":7,"34":53,"35":67,"36":1,"37":12,"38":11,"39":12,"40":12,"41":12,"42":12,"43":83,"44":81,"45":13,"46":13,"47":13,"48":5,"49":5,"50":5,"51":7,"52":7,"53":7,"54":1,"55":1,"56":1,"57":4,"58":4,"59":4,"60":7,"61":7,"62":3,"63":3,"64":41,"65":41,"66":41,"67":12,"68":2,"69":10,"70":1},"f":{"0":3,"1":10,"2":9,"3":24,"4":2,"5":9,"6":4,"7":31,"8":67,"9":199,"10":12,"11":83},"b":{"0":[1,30],"1":[7,23],"2":[53,146],"3":[46,7],"4":[63,4],"5":[11,1],"6":[81,2],"7":[13,5,7,1,4,7,3,41],"8":[2,10],"9":[12,11,10,1]},"_coverageSchema":"1a1c01bbd47fc00a2c39e90264f33305004495a9","hash":"bc699c7aa5bd6e0356e0ca5f2c354d7164e5ac23"}
}
