TN:
SF:src/calculator.js
FN:1,(anonymous_0)
FN:4,(anonymous_1)
FN:7,(anonymous_2)
FN:10,(anonymous_3)
FN:13,(anonymous_4)
FN:16,(anonymous_5)
FN:19,(anonymous_6)
FN:29,(anonymous_7)
FN:38,(anonymous_8)
FN:39,(anonymous_9)
FN:58,(anonymous_10)
FN:67,(anonymous_11)
FNF:12
FNH:12
FNDA:3,(anonymous_0)
FNDA:10,(anonymous_1)
FNDA:9,(anonymous_2)
FNDA:24,(anonymous_3)
FNDA:2,(anonymous_4)
FNDA:9,(anonymous_5)
FNDA:4,(anonymous_6)
FNDA:31,(anonymous_7)
FNDA:67,(anonymous_8)
FNDA:199,(anonymous_9)
FNDA:12,(anonymous_10)
FNDA:83,(anonymous_11)
DA:1,1
DA:2,3
DA:4,1
DA:5,10
DA:7,1
DA:8,9
DA:10,1
DA:11,24
DA:13,1
DA:14,2
DA:16,1
DA:17,9
DA:19,1
DA:20,4
DA:21,4
DA:23,4
DA:24,13
DA:27,4
DA:29,1
DA:30,31
DA:31,1
DA:32,30
DA:33,7
DA:35,23
DA:38,1
DA:39,67
DA:40,199
DA:42,53
DA:44,53
DA:45,46
DA:47,46
DA:49,7
DA:50,7
DA:52,53
DA:56,67
DA:58,1
DA:59,12
DA:60,11
DA:63,12
DA:64,12
DA:65,12
DA:67,12
DA:68,83
DA:69,81
DA:71,13
DA:72,13
DA:73,13
DA:75,5
DA:76,5
DA:77,5
DA:79,7
DA:80,7
DA:81,7
DA:83,1
DA:84,1
DA:85,1
DA:87,4
DA:88,4
DA:89,4
DA:91,7
DA:92,7
DA:94,3
DA:95,3
DA:97,41
DA:98,41
DA:99,41
DA:104,12
DA:105,2
DA:107,10
DA:110,1
LF:70
LH:70
BRDA:30,0,0,1
BRDA:30,0,1,30
BRDA:32,1,0,7
BRDA:32,1,1,23
BRDA:40,2,0,53
BRDA:40,2,1,146
BRDA:44,3,0,46
BRDA:44,3,1,7
BRDA:56,4,0,63
BRDA:56,4,1,4
BRDA:59,5,0,11
BRDA:59,5,1,1
BRDA:68,6,0,81
BRDA:68,6,1,2
BRDA:69,7,0,13
BRDA:69,7,1,5
BRDA:69,7,2,7
BRDA:69,7,3,1
BRDA:69,7,4,4
BRDA:69,7,5,7
BRDA:69,7,6,3
BRDA:69,7,7,41
BRDA:104,8,0,2
BRDA:104,8,1,10
BRDA:104,9,0,12
BRDA:104,9,1,11
BRDA:104,9,2,10
BRDA:104,9,3,1
BRF:28
BRH:28
end_of_record
